ToontownStart: Polling for game2 to finish...
ToontownStart: Game2 is finished.
ToontownStart: Starting the game.
ToontownStart: setting default font
TTLocalizer: Running in language: english
from toontown.toonbase.TTLocalizerEnglish import *
OTPLocalizer: Running in language: english
from otp.otpbase.OTPLocalizerEnglish import *
ToontownStart: Loading default gui sounds
ToontownStart: serverVersion:  tt-beta-v.1.0.1 (Squirting Flower)
Preloading avatars...
Done preloading avatars.
{401000001: <toontown.distributed.ToontownDistrict.ToontownDistrict instance at 0x153F4F58>}
{401000001: <toontown.distributed.ToontownDistrict.ToontownDistrict instance at 0x153F4F58>}
entering active SC menu
local
1
Reading DNA file... phase_4/dna/storage.dna
Reading DNA file... phase_3.5/dna/storage_interior.dna
Reading DNA file... phase_8/dna/storage_DG.dna
Reading DNA file... phase_8/dna/storage_DG_sz.dna
Reading DNA file... phase_8/dna/daisys_garden_sz.dna
fisherman origin:  render/loader_data/daisysGarden/fishing_pond_1/npc_fisherman_origin_0
fisherman origin:  hidden/loader_data/daisysGarden/fishing_pond_1/npc_fisherman_origin_0
Reading DNA file... phase_5/dna/storage_town.dna
Reading DNA file... phase_8/dna/storage_DG_town.dna
Reading DNA file... phase_8/dna/daisys_garden_5200.dna
DNALandmarkBuilding sb28:toon_landmark_hqDG_DNARoot did not find **/*suit_building_origin
fisherman origin:  render/town_top_level/daisysGarden/5245/fishing_pond_1/npc_fisherman_origin_0
frame rate: 29.3 fps|0.006d|5 avs||351|352||0x1002|0x9710|436.9MB|435.5MB|5887.3MB|406|nt.2.6.1|2.700,2.700|6,6 cpus|OpenGL
frame rate: 26.8 fps|0.019d|3 avs||651|652||0x1002|0x9710|438.7MB|437.2MB|5887.3MB|407|nt.2.6.1|2.700,2.700|6,6 cpus|OpenGL
frame rate: 25.1 fps|0.006d|5 avs||951|952||0x1002|0x9710|443.4MB|441.9MB|5887.3MB|408|nt.2.6.1|2.700,2.700|6,6 cpus|OpenGL
frame rate: 31.5 fps|0.004d|4 avs||1251|1252||0x1002|0x9710|447.8MB|446.4MB|5887.3MB|409|nt.2.6.1|2.700,2.700|6,6 cpus|OpenGL
ignoring InputState-forward
