ToontownStart: Polling for game2 to finish...
ToontownStart: Game2 is finished.
ToontownStart: Starting the game.
ToontownStart: setting default font
TTLocalizer: Running in language: english
from toontown.toonbase.TTLocalizerEnglish import *
OTPLocalizer: Running in language: english
from otp.otpbase.OTPLocalizerEnglish import *
ToontownStart: Loading default gui sounds
ToontownStart: serverVersion:  tt-beta-v.1.0.1 (Squirting Flower)
Preloading avatars...
Done preloading avatars.
{401000001: <toontown.distributed.ToontownDistrict.ToontownDistrict instance at 0x16C43F58>}
{401000001: <toontown.distributed.ToontownDistrict.ToontownDistrict instance at 0x16C43F58>}
{401000001: <toontown.distributed.ToontownDistrict.ToontownDistrict instance at 0x16C43F58>}
entering active SC menu
local
0
Reading DNA file... phase_4/dna/storage.dna
Reading DNA file... phase_3.5/dna/storage_interior.dna
Reading DNA file... phase_4/dna/storage_TT.dna
Reading DNA file... phase_4/dna/storage_TT_sz.dna
Reading DNA file... phase_4/dna/toontown_central_sz.dna
fisherman origin:  render/loader_data/toontownCentral/fishing_pond_1/npc_fisherman_origin_0
OnscreenText.configure: mayChange == 0
OnscreenText.configure: mayChange == 0
OnscreenText.configure: mayChange == 0
OnscreenText.configure: mayChange == 0
chatButtonPressed
ignoring InputState-forward
{401000001: <toontown.distributed.ToontownDistrict.ToontownDistrict instance at 0x0393C530>}
{401000001: <toontown.distributed.ToontownDistrict.ToontownDistrict instance at 0x0393C530>}
{401000001: <toontown.distributed.ToontownDistrict.ToontownDistrict instance at 0x0393C530>}
entering active SC menu
local
0
Reading DNA file... phase_4/dna/storage.dna
Reading DNA file... phase_3.5/dna/storage_interior.dna
Reading DNA file... phase_4/dna/storage_TT.dna
Reading DNA file... phase_4/dna/storage_TT_sz.dna
Reading DNA file... phase_4/dna/toontown_central_sz.dna
fisherman origin:  render/loader_data/toontownCentral/fishing_pond_1/npc_fisherman_origin_0
OnscreenText.configure: mayChange == 0
OnscreenText.configure: mayChange == 0
OnscreenText.configure: mayChange == 0
OnscreenText.configure: mayChange == 0
Reading DNA file... phase_6/dna/storage_MM.dna
loading MM safezone
Reading DNA file... phase_6/dna/storage_MM_sz.dna
Reading DNA file... phase_6/dna/minnies_melody_land_sz.dna
fisherman origin:  render/loader_data/minniesMelodyLand/fishing_pond_1/npc_fisherman_origin_0
frame rate: 55.7 fps|0.014d|0 avs||461|462||0x1002|0x9710|420.9MB|421.6MB|5887.3MB|508|nt.2.6.1|2.700,2.700|6,6 cpus|OpenGL
loading MM safezone
Reading DNA file... phase_6/dna/storage_MM_sz.dna
Reading DNA file... phase_6/dna/minnies_melody_land_sz.dna
fisherman origin:  render/loader_data/minniesMelodyLand/fishing_pond_1/npc_fisherman_origin_0
Reading DNA file... phase_5/dna/storage_town.dna
Reading DNA file... phase_6/dna/storage_MM_town.dna
Reading DNA file... phase_6/dna/minnies_melody_land_4300.dna
DNALandmarkBuilding sb73:toon_landmark_hqMM_DNARoot did not find **/*suit_building_origin
fisherman origin:  render/town_top_level/minniesMelodyLand/4345/fishing_pond_1/npc_fisherman_origin_0
Battle Event localtoon-battle-event-3
OnscreenText.configure: mayChange == 0
OnscreenText.configure: mayChange == 0
OnscreenText.configure: mayChange == 0
OnscreenText.configure: mayChange == 0
Reading DNA file... phase_8/dna/storage_DL.dna
Reading DNA file... phase_8/dna/storage_DL_sz.dna
Reading DNA file... phase_8/dna/donalds_dreamland_sz.dna
fisherman origin:  render/loader_data/donaldsDreamland/fishing_pond_1/npc_fisherman_origin_0
OnscreenText.configure: mayChange == 0
OnscreenText.configure: mayChange == 0
OnscreenText.configure: mayChange == 0
OnscreenText.configure: mayChange == 0
Reading DNA file... phase_5.5/dna/storage_estate.dna
Reading DNA file... phase_5.5/dna/estate_1.dna
Warning: NodePath.id() is deprecated.  Use hash(NodePath) or NodePath.get_key() instead.
Warning: NodePath.id() is deprecated.  Use hash(NodePath) or NodePath.get_key() instead.
Warning: NodePath.id() is deprecated.  Use hash(NodePath) or NodePath.get_key() instead.
Warning: NodePath.id() is deprecated.  Use hash(NodePath) or NodePath.get_key() instead.
Warning: NodePath.id() is deprecated.  Use hash(NodePath) or NodePath.get_key() instead.
Warning: NodePath.id() is deprecated.  Use hash(NodePath) or NodePath.get_key() instead.
Warning: NodePath.id() is deprecated.  Use hash(NodePath) or NodePath.get_key() instead.
Warning: NodePath.id() is deprecated.  Use hash(NodePath) or NodePath.get_key() instead.
Warning: NodePath.id() is deprecated.  Use hash(NodePath) or NodePath.get_key() instead.
Warning: NodePath.id() is deprecated.  Use hash(NodePath) or NodePath.get_key() instead.
Warning: NodePath.id() is deprecated.  Use hash(NodePath) or NodePath.get_key() instead.
Warning: NodePath.id() is deprecated.  Use hash(NodePath) or NodePath.get_key() instead.
Warning: NodePath.id() is deprecated.  Use hash(NodePath) or NodePath.get_key() instead.
Warning: NodePath.id() is deprecated.  Use hash(NodePath) or NodePath.get_key() instead.
Warning: NodePath.id() is deprecated.  Use hash(NodePath) or NodePath.get_key() instead.
frame rate: 46.7 fps|0.002d|0 avs||761|762||0x1002|0x9710|498.2MB|498.2MB|5887.3MB|541|nt.2.6.1|2.700,2.700|6,6 cpus|OpenGL
ignoring InputState-forward
