ToontownStart: Polling for game2 to finish...
ToontownStart: Game2 is finished.
ToontownStart: Starting the game.
ToontownStart: setting default font
TTLocalizer: Running in language: english
from toontown.toonbase.TTLocalizerEnglish import *
OTPLocalizer: Running in language: english
from otp.otpbase.OTPLocalizerEnglish import *
ToontownStart: Loading default gui sounds
ToontownStart: serverVersion:  tt-beta-v.1.0.1 (Squirting Flower)
Preloading avatars...
Done preloading avatars.
{401000001: <toontown.distributed.ToontownDistrict.ToontownDistrict instance at 0x16C4FF58>}
{401000001: <toontown.distributed.ToontownDistrict.ToontownDistrict instance at 0x16C4FF58>}
entering active SC menu
local
0
Reading DNA file... phase_4/dna/storage.dna
Reading DNA file... phase_3.5/dna/storage_interior.dna
Reading DNA file... phase_4/dna/storage_TT.dna
Reading DNA file... phase_4/dna/storage_TT_sz.dna
Reading DNA file... phase_4/dna/toontown_central_sz.dna
fisherman origin:  render/loader_data/toontownCentral/fishing_pond_1/npc_fisherman_origin_0
entering active SC menu
entering active SC menu
entering active SC menu
entering active SC menu
entering active SC menu
frame rate: 57.6 fps|0.007d|4 avs||542|543||0x1002|0x9710|406.2MB|426.2MB|5887.3MB|390|nt.2.6.1|2.700,2.700|6,6 cpus|OpenGL
frame rate: 66.5 fps|0.003d|4 avs||842|843||0x1002|0x9710|406.5MB|426.4MB|5887.3MB|390|nt.2.6.1|2.700,2.700|6,6 cpus|OpenGL
ignoring InputState-forward
