ToontownStart: Polling for game2 to finish...
ToontownStart: Game2 is finished.
ToontownStart: Starting the game.
ToontownStart: setting default font
TTLocalizer: Running in language: english
from toontown.toonbase.TTLocalizerEnglish import *
OTPLocalizer: Running in language: english
from otp.otpbase.OTPLocalizerEnglish import *
ToontownStart: Loading default gui sounds
ToontownStart: serverVersion:  tt-beta-v.1.0.1 (Squirting Flower)
Preloading avatars...
Done preloading avatars.
{401000001: <toontown.distributed.ToontownDistrict.ToontownDistrict instance at 0x177F6F58>}
{401000001: <toontown.distributed.ToontownDistrict.ToontownDistrict instance at 0x177F6F58>}
entering active SC menu
local
0
Reading DNA file... phase_4/dna/storage.dna
Reading DNA file... phase_3.5/dna/storage_interior.dna
Reading DNA file... phase_6/dna/storage_DD.dna
Reading DNA file... phase_6/dna/storage_DD_sz.dna
Reading DNA file... phase_6/dna/donalds_dock_sz.dna
DNALandmarkBuilding sb10:toon_landmark_DD_pet_shop_DNARoot did not find **/*suit_building_origin
fisherman origin:  render/loader_data/donaldsDock/fishing_pond_1/npc_fisherman_origin_0
OnscreenText.configure: mayChange == 0
OnscreenText.configure: mayChange == 0
OnscreenText.configure: mayChange == 0
OnscreenText.configure: mayChange == 0
Reading DNA file... phase_5.5/dna/storage_estate.dna
Reading DNA file... phase_5.5/dna/estate_1.dna
Warning: NodePath.id() is deprecated.  Use hash(NodePath) or NodePath.get_key() instead.
Warning: NodePath.id() is deprecated.  Use hash(NodePath) or NodePath.get_key() instead.
Warning: NodePath.id() is deprecated.  Use hash(NodePath) or NodePath.get_key() instead.
Warning: NodePath.id() is deprecated.  Use hash(NodePath) or NodePath.get_key() instead.
Warning: NodePath.id() is deprecated.  Use hash(NodePath) or NodePath.get_key() instead.
Warning: NodePath.id() is deprecated.  Use hash(NodePath) or NodePath.get_key() instead.
Warning: NodePath.id() is deprecated.  Use hash(NodePath) or NodePath.get_key() instead.
Warning: NodePath.id() is deprecated.  Use hash(NodePath) or NodePath.get_key() instead.
Warning: NodePath.id() is deprecated.  Use hash(NodePath) or NodePath.get_key() instead.
Warning: NodePath.id() is deprecated.  Use hash(NodePath) or NodePath.get_key() instead.
Warning: NodePath.id() is deprecated.  Use hash(NodePath) or NodePath.get_key() instead.
Warning: NodePath.id() is deprecated.  Use hash(NodePath) or NodePath.get_key() instead.
Warning: NodePath.id() is deprecated.  Use hash(NodePath) or NodePath.get_key() instead.
Warning: NodePath.id() is deprecated.  Use hash(NodePath) or NodePath.get_key() instead.
Warning: NodePath.id() is deprecated.  Use hash(NodePath) or NodePath.get_key() instead.
Warning: NodePath.id() is deprecated.  Use hash(NodePath) or NodePath.get_key() instead.
Warning: NodePath.id() is deprecated.  Use hash(NodePath) or NodePath.get_key() instead.
Warning: NodePath.id() is deprecated.  Use hash(NodePath) or NodePath.get_key() instead.
Warning: NodePath.id() is deprecated.  Use hash(NodePath) or NodePath.get_key() instead.
Warning: NodePath.id() is deprecated.  Use hash(NodePath) or NodePath.get_key() instead.
Warning: NodePath.id() is deprecated.  Use hash(NodePath) or NodePath.get_key() instead.
Warning: NodePath.id() is deprecated.  Use hash(NodePath) or NodePath.get_key() instead.
entering active SC menu
entering active SC menu
entering active SC menu
entering active SC menu
entering active SC menu
entering active SC menu
frame rate: 9.7 fps|0.001d|0 avs||395|396||0x1002|0x9710|433.6MB|441.3MB|5887.3MB|991|nt.2.6.1|2.700,2.700|6,6 cpus|OpenGL
frame rate: 9.7 fps|0.001d|0 avs||695|697||0x1002|0x9710|426.1MB|433.8MB|5887.3MB|993|nt.2.6.1|2.700,2.700|6,6 cpus|OpenGL
OnscreenText.configure: mayChange == 0
OnscreenText.configure: mayChange == 0
OnscreenText.configure: mayChange == 0
OnscreenText.configure: mayChange == 0
Reading DNA file... phase_6/dna/storage_MM.dna
loading MM safezone
Reading DNA file... phase_6/dna/storage_MM_sz.dna
Reading DNA file... phase_6/dna/minnies_melody_land_sz.dna
fisherman origin:  render/loader_data/minniesMelodyLand/fishing_pond_1/npc_fisherman_origin_0
entering active SC menu
entering active SC menu
frame rate: 9.3 fps|0.002d|4 avs||995|997||0x1002|0x9710|442.4MB|429.3MB|5887.3MB|1296|nt.2.6.1|2.700,2.700|6,6 cpus|OpenGL
entering active SC menu
chatButtonPressed
entering active SC menu
chatButtonPressed
entering active SC menu
frame rate: 9.2 fps|0.002d|4 avs||1295|1297||0x1002|0x9710|443.2MB|430.1MB|5887.3MB|1505|nt.2.6.1|2.700,2.700|6,6 cpus|OpenGL
chatButtonPressed
entering active SC menu
chatButtonPressed
entering active SC menu
frame rate: 9.2 fps|0.003d|4 avs||1595|1597||0x1002|0x9710|443.4MB|430.2MB|5887.3MB|2056|nt.2.6.1|2.700,2.700|6,6 cpus|OpenGL
chatButtonPressed
entering active SC menu
OnscreenText.configure: mayChange == 0
OnscreenText.configure: mayChange == 0
OnscreenText.configure: mayChange == 0
OnscreenText.configure: mayChange == 0
Reading DNA file... phase_5.5/dna/storage_estate.dna
Reading DNA file... phase_5.5/dna/estate_1.dna
frame rate: 39.2 fps|0.026d|0 avs||1895|1897||0x1002|0x9710|447.9MB|434.7MB|5887.3MB|2274|nt.2.6.1|2.700,2.700|6,6 cpus|OpenGL
entering active SC menu
entering active SC menu
entering active SC menu
frame rate: 9.2 fps|0.001d|0 avs||2195|2197||0x1002|0x9710|448.0MB|434.9MB|5887.3MB|2279|nt.2.6.1|2.700,2.700|6,6 cpus|OpenGL
frame rate: 10.2 fps|0.028d|0 avs||2495|2497||0x1002|0x9710|448.1MB|434.9MB|5887.3MB|2300|nt.2.6.1|2.700,2.700|6,6 cpus|OpenGL
frame rate: 9.2 fps|0.000d|0 avs||2796|2797||0x1002|0x9710|448.1MB|434.9MB|5887.3MB|2313|nt.2.6.1|2.700,2.700|6,6 cpus|OpenGL
frame rate: 9.3 fps|0.001d|0 avs||3096|3097||0x1002|0x9710|448.1MB|434.9MB|5887.3MB|2317|nt.2.6.1|2.700,2.700|6,6 cpus|OpenGL
frame rate: 9.3 fps|0.002d|0 avs||3396|3397||0x1002|0x9710|448.1MB|434.9MB|5887.3MB|2325|nt.2.6.1|2.700,2.700|6,6 cpus|OpenGL
