ToontownStart: Polling for game2 to finish...
ToontownStart: Game2 is finished.
ToontownStart: Starting the game.
ToontownStart: setting default font
TTLocalizer: Running in language: english
from toontown.toonbase.TTLocalizerEnglish import *
OTPLocalizer: Running in language: english
from otp.otpbase.OTPLocalizerEnglish import *
ToontownStart: Loading default gui sounds
ToontownStart: serverVersion:  tt-beta-v.1.0.1 (Squirting Flower)
Preloading avatars...
Done preloading avatars.
{401000001: <toontown.distributed.ToontownDistrict.ToontownDistrict instance at 0x17490F58>}
entering active SC menu
local
0
Reading DNA file... phase_4/dna/storage.dna
Reading DNA file... phase_3.5/dna/storage_interior.dna
Reading DNA file... phase_6/dna/storage_GS.dna
Reading DNA file... phase_6/dna/storage_GS_sz.dna
Reading DNA file... phase_6/dna/goofy_speedway_sz.dna
OnscreenText.configure: mayChange == 0
OnscreenText.configure: mayChange == 0
OnscreenText.configure: mayChange == 0
OnscreenText.configure: mayChange == 0
Reading DNA file... phase_6/dna/storage_MM.dna
loading MM safezone
Reading DNA file... phase_6/dna/storage_MM_sz.dna
Reading DNA file... phase_6/dna/minnies_melody_land_sz.dna
fisherman origin:  render/loader_data/minniesMelodyLand/fishing_pond_1/npc_fisherman_origin_0
entering active SC menu
frame rate: 12.9 fps|0.051d|4 avs||982|991||0x1002|0x9710|412.9MB|417.8MB|5887.3MB|564|nt.2.6.1|2.700,2.700|6,6 cpus|OpenGL
frame rate: 21.0 fps|0.044d|4 avs||1281|1291||0x1002|0x9710|413.4MB|418.2MB|5887.3MB|574|nt.2.6.1|2.700,2.700|6,6 cpus|OpenGL
frame rate: 9.3 fps|0.003d|4 avs||1582|1591||0x1002|0x9710|413.7MB|418.6MB|5887.3MB|575|nt.2.6.1|2.700,2.700|6,6 cpus|OpenGL
frame rate: 9.4 fps|0.002d|4 avs||1882|1891||0x1002|0x9710|413.7MB|418.5MB|5887.3MB|575|nt.2.6.1|2.700,2.700|6,6 cpus|OpenGL
frame rate: 8.3 fps|0.014d|4 avs||2182|2191||0x1002|0x9710|413.7MB|418.7MB|5887.3MB|576|nt.2.6.1|2.700,2.700|6,6 cpus|OpenGL
ignoring InputState-forward
