ToontownStart: Polling for game2 to finish...
ToontownStart: Game2 is finished.
ToontownStart: Starting the game.
ToontownStart: setting default font
TTLocalizer: Running in language: english
from toontown.toonbase.TTLocalizerEnglish import *
OTPLocalizer: Running in language: english
from otp.otpbase.OTPLocalizerEnglish import *
ToontownStart: Loading default gui sounds
ToontownStart: serverVersion:  tt-beta-v.1.0.1 (Squirting Flower)
Preloading avatars...
Done preloading avatars.
{401000001: <toontown.distributed.ToontownDistrict.ToontownDistrict instance at 0x177F6F58>}
{401000001: <toontown.distributed.ToontownDistrict.ToontownDistrict instance at 0x177F6F58>}
entering active SC menu
local
0
Reading DNA file... phase_4/dna/storage.dna
Reading DNA file... phase_3.5/dna/storage_interior.dna
Reading DNA file... phase_8/dna/storage_DG.dna
Reading DNA file... phase_8/dna/storage_DG_sz.dna
Reading DNA file... phase_8/dna/daisys_garden_sz.dna
fisherman origin:  render/loader_data/daisysGarden/fishing_pond_1/npc_fisherman_origin_0
OnscreenText.configure: mayChange == 0
OnscreenText.configure: mayChange == 0
OnscreenText.configure: mayChange == 0
OnscreenText.configure: mayChange == 0
Reading DNA file... phase_5.5/dna/storage_estate.dna
Reading DNA file... phase_5.5/dna/estate_1.dna
OnscreenText.configure: mayChange == 0
OnscreenText.configure: mayChange == 0
OnscreenText.configure: mayChange == 0
OnscreenText.configure: mayChange == 0
Reading DNA file... phase_8/dna/storage_BR.dna
Reading DNA file... phase_8/dna/storage_BR_sz.dna
Reading DNA file... phase_8/dna/the_burrrgh_sz.dna
empty flat building with no walls
DNALandmarkBuilding sb11:toon_landmark_BR_pet_shop_DNARoot did not find **/*suit_building_origin
fisherman origin:  render/loader_data/theBurrrgh/fishing_pond_1/npc_fisherman_origin_0
chatButtonPressed
entering active SC menu
entering active SC menu
chatButtonPressed
entering active SC menu
frame rate: 46.2 fps|0.004d|4 avs||413|415||0x1002|0x9710|434.4MB|420.9MB|5887.3MB|809|nt.2.6.1|2.700,2.700|6,6 cpus|OpenGL
frame rate: 9.3 fps|0.001d|4 avs||713|715||0x1002|0x9710|436.0MB|422.7MB|5887.3MB|810|nt.2.6.1|2.700,2.700|6,6 cpus|OpenGL
OnscreenText.configure: mayChange == 0
OnscreenText.configure: mayChange == 0
OnscreenText.configure: mayChange == 0
OnscreenText.configure: mayChange == 0
OnscreenText.configure: mayChange == 0
OnscreenText.configure: mayChange == 0
OnscreenText.configure: mayChange == 0
OnscreenText.configure: mayChange == 0
Reading DNA file... phase_6/dna/storage_DD.dna
Reading DNA file... phase_6/dna/storage_DD_sz.dna
Reading DNA file... phase_6/dna/donalds_dock_sz.dna
DNALandmarkBuilding sb10:toon_landmark_DD_pet_shop_DNARoot did not find **/*suit_building_origin
fisherman origin:  render/loader_data/donaldsDock/fishing_pond_1/npc_fisherman_origin_0
entering active SC menu
chatButtonPressed
entering active SC menu
frame rate: 9.2 fps|0.001d|4 avs||1014|1015||0x1002|0x9710|459.5MB|447.4MB|5887.3MB|1120|nt.2.6.1|2.700,2.700|6,6 cpus|OpenGL
frame rate: 14.9 fps|0.045d|4 avs||1314|1315||0x1002|0x9710|459.5MB|447.4MB|5887.3MB|1120|nt.2.6.1|2.700,2.700|6,6 cpus|OpenGL
frame rate: 9.2 fps|0.001d|4 avs||1614|1615||0x1002|0x9710|459.6MB|447.4MB|5887.3MB|1124|nt.2.6.1|2.700,2.700|6,6 cpus|OpenGL
frame rate: 9.2 fps|0.001d|4 avs||1914|1915||0x1002|0x9710|459.6MB|447.4MB|5887.3MB|1124|nt.2.6.1|2.700,2.700|6,6 cpus|OpenGL
ignoring InputState-forward
