ToontownStart: Polling for game2 to finish...
ToontownStart: Game2 is finished.
ToontownStart: Starting the game.
ToontownStart: setting default font
TTLocalizer: Running in language: english
from toontown.toonbase.TTLocalizerEnglish import *
OTPLocalizer: Running in language: english
from otp.otpbase.OTPLocalizerEnglish import *
ToontownStart: Loading default gui sounds
ToontownStart: serverVersion:  tt-beta-v.1.0.1 (Squirting Flower)
Preloading avatars...
Done preloading avatars.
{401000001: <toontown.distributed.ToontownDistrict.ToontownDistrict instance at 0x16C1FF58>}
entering active SC menu
local
0
Reading DNA file... phase_4/dna/storage.dna
Reading DNA file... phase_3.5/dna/storage_interior.dna
Reading DNA file... phase_4/dna/storage_TT.dna
Reading DNA file... phase_4/dna/storage_TT_sz.dna
Reading DNA file... phase_4/dna/toontown_central_sz.dna
fisherman origin:  render/loader_data/toontownCentral/fishing_pond_1/npc_fisherman_origin_0
entering active SC menu
OnscreenText.configure: mayChange == 0
OnscreenText.configure: mayChange == 0
OnscreenText.configure: mayChange == 0
OnscreenText.configure: mayChange == 0
Reading DNA file... phase_5.5/dna/storage_estate.dna
Reading DNA file... phase_5.5/dna/estate_1.dna
entering active SC menu
chatButtonPressed
entering active SC menu
Warning: NodePath.id() is deprecated.  Use hash(NodePath) or NodePath.get_key() instead.
Warning: NodePath.id() is deprecated.  Use hash(NodePath) or NodePath.get_key() instead.
Warning: NodePath.id() is deprecated.  Use hash(NodePath) or NodePath.get_key() instead.
Warning: NodePath.id() is deprecated.  Use hash(NodePath) or NodePath.get_key() instead.
Warning: NodePath.id() is deprecated.  Use hash(NodePath) or NodePath.get_key() instead.
Warning: NodePath.id() is deprecated.  Use hash(NodePath) or NodePath.get_key() instead.
Warning: NodePath.id() is deprecated.  Use hash(NodePath) or NodePath.get_key() instead.
Warning: NodePath.id() is deprecated.  Use hash(NodePath) or NodePath.get_key() instead.
Warning: NodePath.id() is deprecated.  Use hash(NodePath) or NodePath.get_key() instead.
Warning: NodePath.id() is deprecated.  Use hash(NodePath) or NodePath.get_key() instead.
Warning: NodePath.id() is deprecated.  Use hash(NodePath) or NodePath.get_key() instead.
chatButtonPressed
entering active SC menu
entering active SC menu
frame rate: 82.6 fps|0.002d|0 avs||374|388||0x1002|0x9710|432.9MB|440.6MB|5887.3MB|949|nt.2.6.1|2.700,2.700|6,6 cpus|OpenGL
frame rate: 73.7 fps|0.004d|0 avs||674|688||0x1002|0x9710|432.9MB|440.7MB|5887.3MB|958|nt.2.6.1|2.700,2.700|6,6 cpus|OpenGL
entering active SC menu
entering active SC menu
entering active SC menu
entering active SC menu
chatButtonPressed
entering active SC menu
frame rate: 45.1 fps|0.032d|0 avs||975|988||0x1002|0x9710|441.2MB|448.9MB|5887.3MB|1142|nt.2.6.1|2.700,2.700|6,6 cpus|OpenGL
entering active SC menu
entering active SC menu
entering active SC menu
frame rate: 60.7 fps|0.008d|0 avs||1275|1288||0x1002|0x9710|434.3MB|442.0MB|5887.3MB|1784|nt.2.6.1|2.700,2.700|6,6 cpus|OpenGL
entering active SC menu
entering active SC menu
frame rate: 69.3 fps|0.004d|0 avs||1575|1588||0x1002|0x9710|434.4MB|442.0MB|5887.3MB|1977|nt.2.6.1|2.700,2.700|6,6 cpus|OpenGL
chatButtonPressed
entering active SC menu
entering active SC menu
entering active SC menu
entering active SC menu
entering active SC menu
entering active SC menu
entering active SC menu
frame rate: 72.2 fps|0.003d|0 avs||1875|1888||0x1002|0x9710|434.9MB|442.6MB|5887.3MB|1977|nt.2.6.1|2.700,2.700|6,6 cpus|OpenGL
entering active SC menu
entering active SC menu
entering active SC menu
entering active SC menu
frame rate: 9.6 fps|0.001d|0 avs||2175|2188||0x1002|0x9710|435.2MB|442.6MB|5887.3MB|2209|nt.2.6.1|2.700,2.700|6,6 cpus|OpenGL
OnscreenText.configure: mayChange == 0
OnscreenText.configure: mayChange == 0
OnscreenText.configure: mayChange == 0
OnscreenText.configure: mayChange == 0
Reading DNA file... phase_4/dna/storage_TT.dna
Reading DNA file... phase_4/dna/storage_TT_sz.dna
Reading DNA file... phase_4/dna/toontown_central_sz.dna
fisherman origin:  render/loader_data/toontownCentral/fishing_pond_1/npc_fisherman_origin_0
frame rate: 9.1 fps|0.002d|4 avs||2475|2488||0x1002|0x9710|448.2MB|434.1MB|5887.3MB|2237|nt.2.6.1|2.700,2.700|6,6 cpus|OpenGL
frame rate: 8.9 fps|0.049d|4 avs||2775|2788||0x1002|0x9710|449.0MB|435.2MB|5887.3MB|2685|nt.2.6.1|2.700,2.700|6,6 cpus|OpenGL
frame rate: 39.4 fps|0.002d|4 avs||3075|3088||0x1002|0x9710|449.1MB|435.2MB|5887.3MB|2689|nt.2.6.1|2.700,2.700|6,6 cpus|OpenGL
frame rate: 33.7 fps|0.005d|4 avs||3375|3388||0x1002|0x9710|449.4MB|435.6MB|5887.3MB|2999|nt.2.6.1|2.700,2.700|6,6 cpus|OpenGL
OnscreenText.configure: mayChange == 0
OnscreenText.configure: mayChange == 0
OnscreenText.configure: mayChange == 0
OnscreenText.configure: mayChange == 0
Reading DNA file... phase_8/dna/storage_DG.dna
Reading DNA file... phase_8/dna/storage_DG_sz.dna
Reading DNA file... phase_8/dna/daisys_garden_sz.dna
fisherman origin:  render/loader_data/daisysGarden/fishing_pond_1/npc_fisherman_origin_0
ignoring InputState-forward
