ToontownStart: Polling for game2 to finish...
ToontownStart: Game2 is finished.
ToontownStart: Starting the game.
ToontownStart: setting default font
TTLocalizer: Running in language: english
from toontown.toonbase.TTLocalizerEnglish import *
OTPLocalizer: Running in language: english
from otp.otpbase.OTPLocalizerEnglish import *
ToontownStart: Loading default gui sounds
ToontownStart: serverVersion:  tt-beta-v.1.0.1 (Squirting Flower)
Preloading avatars...
Done preloading avatars.
{401000001: <toontown.distributed.ToontownDistrict.ToontownDistrict instance at 0x177F6F58>}
{401000001: <toontown.distributed.ToontownDistrict.ToontownDistrict instance at 0x177F6F58>}
entering active SC menu
local
0
Reading DNA file... phase_4/dna/storage.dna
Reading DNA file... phase_3.5/dna/storage_interior.dna
Reading DNA file... phase_6/dna/storage_GS.dna
Reading DNA file... phase_6/dna/storage_GS_sz.dna
Reading DNA file... phase_6/dna/goofy_speedway_sz.dna
0.40000000596
0.40000000596
0.40000000596
chatButtonPressed
frame rate: 9.6 fps|0.006d|1 avs||352|353||0x1002|0x9710|395.0MB|402.9MB|5887.3MB|523|nt.2.6.1|2.700,2.700|6,6 cpus|OpenGL
frame rate: 9.5 fps|0.007d|1 avs||652|653||0x1002|0x9710|395.0MB|402.9MB|5887.3MB|523|nt.2.6.1|2.700,2.700|6,6 cpus|OpenGL
