ToontownStart: Polling for game2 to finish...
ToontownStart: Game2 is finished.
ToontownStart: Starting the game.
ToontownStart: setting default font
TTLocalizer: Running in language: english
from toontown.toonbase.TTLocalizerEnglish import *
OTPLocalizer: Running in language: english
from otp.otpbase.OTPLocalizerEnglish import *
ToontownStart: Polling for game2 to finish...
ToontownStart: Game2 is finished.
ToontownStart: Starting the game.
ToontownStart: setting default font
TTLocalizer: Running in language: english
from toontown.toonbase.TTLocalizerEnglish import *
OTPLocalizer: Running in language: english
from otp.otpbase.OTPLocalizerEnglish import *
ToontownStart: Loading default gui sounds
ToontownStart: serverVersion:  tt-beta-v.1.0.1 (Squirting Flower)
ToontownStart: Loading default gui sounds
ToontownStart: serverVersion:  tt-beta-v.1.0.1 (Squirting Flower)
Preloading avatars...
Preloading avatars...
Done preloading avatars.
Done preloading avatars.
{401000001: <toontown.distributed.ToontownDistrict.ToontownDistrict instance at 0x17855F58>}
{401000001: <toontown.distributed.ToontownDistrict.ToontownDistrict instance at 0x17826F58>}
{401000001: <toontown.distributed.ToontownDistrict.ToontownDistrict instance at 0x17826F58>}
{401000001: <toontown.distributed.ToontownDistrict.ToontownDistrict instance at 0x17855F58>}
{401000001: <toontown.distributed.ToontownDistrict.ToontownDistrict instance at 0x17855F58>}
{401000001: <toontown.distributed.ToontownDistrict.ToontownDistrict instance at 0x17826F58>}
entering active SC menu
entering active SC menu
local
local
1
1
Reading DNA file... phase_4/dna/storage.dna
Reading DNA file... phase_4/dna/storage.dna
Reading DNA file... phase_3.5/dna/storage_interior.dna
Reading DNA file... phase_3.5/dna/storage_interior.dna
Battle Event localtoon-battle-event-3
Reading DNA file... phase_8/dna/storage_DG.dna
Reading DNA file... phase_8/dna/storage_DG_sz.dna
Reading DNA file... phase_8/dna/daisys_garden_sz.dna
fisherman origin:  render/loader_data/daisysGarden/fishing_pond_1/npc_fisherman_origin_0
Reading DNA file... phase_8/dna/storage_DG.dna
Reading DNA file... phase_8/dna/storage_DG_sz.dna
Reading DNA file... phase_8/dna/daisys_garden_sz.dna
fisherman origin:  render/loader_data/daisysGarden/fishing_pond_1/npc_fisherman_origin_0
ignoring InputState-forward
ignoring InputState-forward
