ToontownStart: Polling for game2 to finish...
ToontownStart: Game2 is finished.
ToontownStart: Starting the game.
ToontownStart: setting default font
TTLocalizer: Running in language: english
from toontown.toonbase.TTLocalizerEnglish import *
OTPLocalizer: Running in language: english
from otp.otpbase.OTPLocalizerEnglish import *
ToontownStart: Loading default gui sounds
ToontownStart: serverVersion:  tt-beta-v.1.0.1 (Squirting Flower)
Preloading avatars...
Done preloading avatars.
{401000001: <toontown.distributed.ToontownDistrict.ToontownDistrict instance at 0x1781FF58>}
{401000001: <toontown.distributed.ToontownDistrict.ToontownDistrict instance at 0x1781FF58>}
entering active SC menu
local
0
Reading DNA file... phase_4/dna/storage.dna
Reading DNA file... phase_3.5/dna/storage_interior.dna
Reading DNA file... phase_6/dna/storage_OZ.dna
Reading DNA file... phase_6/dna/storage_OZ_sz.dna
Reading DNA file... phase_6/dna/outdoor_zone_sz.dna
TIMER startTime 3767
OnscreenText.configure: mayChange == 0
OnscreenText.configure: mayChange == 0
OnscreenText.configure: mayChange == 0
OnscreenText.configure: mayChange == 0
Reading DNA file... phase_6/dna/storage_DD.dna
Reading DNA file... phase_6/dna/storage_DD_sz.dna
Reading DNA file... phase_6/dna/donalds_dock_sz.dna
DNALandmarkBuilding sb10:toon_landmark_DD_pet_shop_DNARoot did not find **/*suit_building_origin
fisherman origin:  render/loader_data/donaldsDock/fishing_pond_1/npc_fisherman_origin_0
Reading DNA file... phase_5/dna/storage_town.dna
Reading DNA file... phase_6/dna/storage_DD_town.dna
Reading DNA file... phase_6/dna/donalds_dock_1300.dna
DNALandmarkBuilding sb35:toon_landmark_hqDD_DNARoot did not find **/*suit_building_origin
fisherman origin:  render/town_top_level/donaldsDock/1330/fishing_pond_1/npc_fisherman_origin_0
entering active SC menu
entering active SC menu
entering active SC menu
entering active SC menu
entering active SC menu
entering active SC menu
entering active SC menu
entering active SC menu
frame rate: 9.1 fps|0.009d|4 avs||898|899||0x1002|0x9710|468.2MB|454.7MB|5887.3MB|762|nt.2.6.1|2.700,2.700|6,6 cpus|OpenGL
frame rate: 9.3 fps|0.011d|2 avs||1198|1200||0x1002|0x9710|471.6MB|458.3MB|5887.3MB|765|nt.2.6.1|2.700,2.700|6,6 cpus|OpenGL
OnscreenText.configure: mayChange == 0
OnscreenText.configure: mayChange == 0
OnscreenText.configure: mayChange == 0
OnscreenText.configure: mayChange == 0
Reading DNA file... phase_8/dna/storage_DL.dna
Reading DNA file... phase_8/dna/storage_DL_sz.dna
Reading DNA file... phase_8/dna/donalds_dreamland_sz.dna
fisherman origin:  render/loader_data/donaldsDreamland/fishing_pond_1/npc_fisherman_origin_0
frame rate: 43.3 fps|0.007d|4 avs||1498|1499||0x1002|0x9710|480.7MB|467.5MB|5887.3MB|795|nt.2.6.1|2.700,2.700|6,6 cpus|OpenGL
frame rate: 44.4 fps|0.002d|4 avs||1798|1799||0x1002|0x9710|480.9MB|467.7MB|5887.3MB|1007|nt.2.6.1|2.700,2.700|6,6 cpus|OpenGL
frame rate: 36.9 fps|0.015d|4 avs||2098|2099||0x1002|0x9710|480.9MB|467.7MB|5887.3MB|1294|nt.2.6.1|2.700,2.700|6,6 cpus|OpenGL
frame rate: 9.2 fps|0.001d|4 avs||2398|2400||0x1002|0x9710|481.0MB|467.8MB|5887.3MB|1373|nt.2.6.1|2.700,2.700|6,6 cpus|OpenGL
frame rate: 9.1 fps|0.001d|4 avs||2698|2700||0x1002|0x9710|481.0MB|467.8MB|5887.3MB|1375|nt.2.6.1|2.700,2.700|6,6 cpus|OpenGL
ignoring InputState-forward
