ToontownStart: Polling for game2 to finish...
ToontownStart: Game2 is finished.ToontownStart: Polling for game2 to finish...
ToontownStart: Starting the game.

ToontownStart: Game2 is finished.
ToontownStart: Starting the game.
ToontownStart: setting default font
ToontownStart: setting default font
TTLocalizer: Running in language: english
from toontown.toonbase.TTLocalizerEnglish import *
TTLocalizer: Running in language: english
from toontown.toonbase.TTLocalizerEnglish import *
OTPLocalizer: Running in language: english
from otp.otpbase.OTPLocalizerEnglish import *
OTPLocalizer: Running in language: english
from otp.otpbase.OTPLocalizerEnglish import *
ToontownStart: Loading default gui sounds
ToontownStart: Loading default gui sounds
ToontownStart: serverVersion:  tt-beta-v.1.0.1 (Squirting Flower)ToontownStart: serverVersion: 
 tt-beta-v.1.0.1 (Squirting Flower)
Preloading avatars...Preloading avatars...

Done preloading avatars.
Done preloading avatars.
{401000001: <toontown.distributed.ToontownDistrict.ToontownDistrict instance at 0x18E3EF58>}
{401000001: <toontown.distributed.ToontownDistrict.ToontownDistrict instance at 0x1823EF58>}
{401000001: <toontown.distributed.ToontownDistrict.ToontownDistrict instance at 0x18E3EF58>}
{401000001: <toontown.distributed.ToontownDistrict.ToontownDistrict instance at 0x1823EF58>}
{401000001: <toontown.distributed.ToontownDistrict.ToontownDistrict instance at 0x18E3EF58>}
{401000001: <toontown.distributed.ToontownDistrict.ToontownDistrict instance at 0x1823EF58>}
entering active SC menu
local
0
Reading DNA file... phase_3.5/dna/storage_tutorial.dna
Reading DNA file... phase_3.5/dna/storage_interior.dna
Reading DNA file... phase_3.5/dna/tutorial_street.dna
Hello there im a distributedTutorialInteriorAI
Setting up Toontorial dna! :D
Reading DNA file... phase_3.5/dna/tutorial_street.dna
ignoring InputState-forward
