ToontownStart: Polling for game2 to finish...
ToontownStart: Game2 is finished.
ToontownStart: Starting the game.
ToontownStart: setting default font
TTLocalizer: Running in language: english
from toontown.toonbase.TTLocalizerEnglish import *
OTPLocalizer: Running in language: english
from otp.otpbase.OTPLocalizerEnglish import *
ToontownStart: Loading default gui sounds
ToontownStart: serverVersion:  tt-beta-v.1.0.1 (Squirting Flower)
Preloading avatars...
Done preloading avatars.
{401000001: <toontown.distributed.ToontownDistrict.ToontownDistrict instance at 0x18C4A148>}
entering active SC menu
local
0
Reading DNA file... phase_4/dna/storage.dna
Reading DNA file... phase_3.5/dna/storage_interior.dna
Reading DNA file... phase_6/dna/storage_OZ.dna
Reading DNA file... phase_6/dna/storage_OZ_sz.dna
Reading DNA file... phase_6/dna/outdoor_zone_sz.dna
TIMER startTime 8564
Reading DNA file... phase_6/dna/storage_GZ.dna
Reading DNA file... phase_6/dna/storage_GZ_sz.dna
Reading DNA file... phase_6/dna/golf_zone_sz.dna
OnscreenText.configure: mayChange == 0
OnscreenText.configure: mayChange == 0
OnscreenText.configure: mayChange == 0
OnscreenText.configure: mayChange == 0
ignoring InputState-forward
entering active SC menu
local
Traceback (most recent call last):
  File "C:\Panda3D-1.9.0\direct\distributed\ConnectionRepository.py", line 613, in readerPollUntilEmpty
    while self.readerPollOnce():
  File "C:\Panda3D-1.9.0\direct\distributed\ConnectionRepository.py", line 620, in readerPollOnce
    self.handleDatagram(self.private__di)
  File "otp\distributed\OTPClientRepository.py", line 1871, in handleDatagram
    self.handleMessageType(msgType, di)
  File "otp\distributed\OTPClientRepository.py", line 1765, in handleMessageType
    self.handleGenerateWithRequiredOtherOwner(di)
  File "toontown\distributed\ToontownClientRepository.py", line 910, in handleGenerateWithRequiredOtherOwner
    self.handleAvatarResponseMsg(doId, di)
  File "toontown\distributed\ToontownClientRepository.py", line 359, in handleAvatarResponseMsg
    dclass.receiveUpdateBroadcastRequiredOwner(localAvatar, di)
  File "toontown\toon\DistributedToon.py", line 1025, in setQuests
    messenger.send('questsChanged')
  File "C:\Panda3D-1.9.0\direct\showbase\Messenger.py", line 397, in send
    self.__dispatch(acceptorDict, event, sentArgs, foundWatch)
  File "C:\Panda3D-1.9.0\direct\showbase\Messenger.py", line 482, in __dispatch
    method (*(extraArgs + sentArgs))
  File "toontown\speedchat\TTSCToontaskMenu.py", line 36, in __tasksChanged
    msgs = q.getSCStrings(toNpcId, toonProgress)
  File "toontown\quest\Quests.py", line 511, in getSCStrings
    return getFinishToonTaskSCStrings(toNpcId)
  File "toontown\quest\Quests.py", line 3907, in getFinishToonTaskSCStrings
    return [TTLocalizer.QuestsGenericFinishSCString] + getVisitSCStrings(npcId)
  File "toontown\quest\Quests.py", line 3894, in getVisitSCStrings
    npcName, hoodName, buildingArticle, buildingName, toStreet, streetName, isInPlayground = getNpcInfo(npcId)
  File "toontown\quest\Quests.py", line 3936, in getNpcInfo
    hoodId = ZoneUtil.getCanonicalHoodId(npcZone)
  File "toontown\hood\ZoneUtil.py", line 182, in getCanonicalHoodId
    return getHoodId(getCanonicalZoneId(zoneId))
  File "toontown\hood\ZoneUtil.py", line 170, in getHoodId
    hoodId = zoneId - zoneId % 1000
TypeError: unsupported operand type(s) for %: 'NoneType' and 'int'
Traceback (most recent call last):
  File "otp\otpbase\OTPBase.py", line 239, in run
    taskMgr.run()
  File "C:\Panda3D-1.9.0\direct\task\Task.py", line 502, in run
    self.step()
  File "C:\Panda3D-1.9.0\direct\task\Task.py", line 460, in step
    self.mgr.poll()
  File "C:\Panda3D-1.9.0\direct\distributed\ConnectionRepository.py", line 613, in readerPollUntilEmpty
    while self.readerPollOnce():
  File "C:\Panda3D-1.9.0\direct\distributed\ConnectionRepository.py", line 620, in readerPollOnce
    self.handleDatagram(self.private__di)
  File "otp\distributed\OTPClientRepository.py", line 1871, in handleDatagram
    self.handleMessageType(msgType, di)
  File "otp\distributed\OTPClientRepository.py", line 1765, in handleMessageType
    self.handleGenerateWithRequiredOtherOwner(di)
  File "toontown\distributed\ToontownClientRepository.py", line 910, in handleGenerateWithRequiredOtherOwner
    self.handleAvatarResponseMsg(doId, di)
  File "toontown\distributed\ToontownClientRepository.py", line 359, in handleAvatarResponseMsg
    dclass.receiveUpdateBroadcastRequiredOwner(localAvatar, di)
  File "toontown\toon\DistributedToon.py", line 1025, in setQuests
    messenger.send('questsChanged')
  File "C:\Panda3D-1.9.0\direct\showbase\Messenger.py", line 397, in send
    self.__dispatch(acceptorDict, event, sentArgs, foundWatch)
  File "C:\Panda3D-1.9.0\direct\showbase\Messenger.py", line 482, in __dispatch
    method (*(extraArgs + sentArgs))
  File "toontown\speedchat\TTSCToontaskMenu.py", line 36, in __tasksChanged
    msgs = q.getSCStrings(toNpcId, toonProgress)
  File "toontown\quest\Quests.py", line 511, in getSCStrings
    return getFinishToonTaskSCStrings(toNpcId)
  File "toontown\quest\Quests.py", line 3907, in getFinishToonTaskSCStrings
    return [TTLocalizer.QuestsGenericFinishSCString] + getVisitSCStrings(npcId)
  File "toontown\quest\Quests.py", line 3894, in getVisitSCStrings
    npcName, hoodName, buildingArticle, buildingName, toStreet, streetName, isInPlayground = getNpcInfo(npcId)
  File "toontown\quest\Quests.py", line 3936, in getNpcInfo
    hoodId = ZoneUtil.getCanonicalHoodId(npcZone)
  File "toontown\hood\ZoneUtil.py", line 182, in getCanonicalHoodId
    return getHoodId(getCanonicalZoneId(zoneId))
  File "toontown\hood\ZoneUtil.py", line 170, in getHoodId
    hoodId = zoneId - zoneId % 1000
TypeError: unsupported operand type(s) for %: 'NoneType' and 'int'
