ToontownStart: Polling for game2 to finish...
ToontownStart: Game2 is finished.
ToontownStart: Starting the game.
ToontownStart: setting default font
TTLocalizer: Running in language: english
from toontown.toonbase.TTLocalizerEnglish import *
OTPLocalizer: Running in language: english
from otp.otpbase.OTPLocalizerEnglish import *
ToontownStart: Loading default gui sounds
ToontownStart: serverVersion:  tt-beta-v.1.0.1 (Squirting Flower)
Preloading avatars...
Done preloading avatars.
{401000001: <toontown.distributed.ToontownDistrict.ToontownDistrict instance at 0x188E7148>}
{401000001: <toontown.distributed.ToontownDistrict.ToontownDistrict instance at 0x188E7148>}
{401000001: <toontown.distributed.ToontownDistrict.ToontownDistrict instance at 0x188E7148>}
entering active SC menu
local
ignoring InputState-forward
Traceback (most recent call last):
  File "C:\Panda3D-1.9.0\direct\distributed\ConnectionRepository.py", line 613, in readerPollUntilEmpty
    while self.readerPollOnce():
  File "C:\Panda3D-1.9.0\direct\distributed\ConnectionRepository.py", line 620, in readerPollOnce
    self.handleDatagram(self.private__di)
  File "otp\distributed\OTPClientRepository.py", line 1871, in handleDatagram
    self.handleMessageType(msgType, di)
  File "otp\distributed\OTPClientRepository.py", line 1765, in handleMessageType
    self.handleGenerateWithRequiredOtherOwner(di)
  File "toontown\distributed\ToontownClientRepository.py", line 910, in handleGenerateWithRequiredOtherOwner
    self.handleAvatarResponseMsg(doId, di)
  File "toontown\distributed\ToontownClientRepository.py", line 365, in handleAvatarResponseMsg
    self.loginFSM.request('playingGame')
  File "C:\Panda3D-1.9.0\direct\fsm\ClassicFSM.py", line 284, in request
    exitArgList)
  File "C:\Panda3D-1.9.0\direct\fsm\ClassicFSM.py", line 231, in __transition
    self.__enter(aState, enterArgList)
  File "C:\Panda3D-1.9.0\direct\fsm\ClassicFSM.py", line 217, in __enter
    aState.enter(argList)
  File "C:\Panda3D-1.9.0\direct\fsm\State.py", line 203, in enter
    apply(self.__enterFunc, argList)
  File "toontown\distributed\ToontownClientRepository.py", line 464, in enterPlayingGame
    -1])
  File "C:\Panda3D-1.9.0\direct\fsm\ClassicFSM.py", line 284, in request
    exitArgList)
  File "C:\Panda3D-1.9.0\direct\fsm\ClassicFSM.py", line 231, in __transition
    self.__enter(aState, enterArgList)
  File "C:\Panda3D-1.9.0\direct\fsm\ClassicFSM.py", line 217, in __enter
    aState.enter(argList)
  File "C:\Panda3D-1.9.0\direct\fsm\State.py", line 203, in enter
    apply(self.__enterFunc, argList)
  File "toontown\distributed\ToontownClientRepository.py", line 506, in enterWaitOnEnterResponses
    OTPClientRepository.OTPClientRepository.enterWaitOnEnterResponses(self, shardId, hoodId, zoneId, avId)
  File "otp\distributed\OTPClientRepository.py", line 1273, in enterWaitOnEnterResponses
    self.loginFSM.request('noShards')
  File "C:\Panda3D-1.9.0\direct\fsm\ClassicFSM.py", line 284, in request
    exitArgList)
  File "C:\Panda3D-1.9.0\direct\fsm\ClassicFSM.py", line 230, in __transition
    self.__exitCurrent(exitArgList)
  File "C:\Panda3D-1.9.0\direct\fsm\ClassicFSM.py", line 188, in __exitCurrent
    self.__currentState.exit(argList)
  File "C:\Panda3D-1.9.0\direct\fsm\State.py", line 214, in exit
    apply(self.__exitFunc, argList)
  File "toontown\distributed\ToontownClientRepository.py", line 497, in exitPlayingGame
    if self._userLoggingOut:
AttributeError: 'ToontownClientRepository' object has no attribute '_userLoggingOut'
Traceback (most recent call last):
  File "otp\otpbase\OTPBase.py", line 239, in run
    taskMgr.run()
  File "C:\Panda3D-1.9.0\direct\task\Task.py", line 502, in run
    self.step()
  File "C:\Panda3D-1.9.0\direct\task\Task.py", line 460, in step
    self.mgr.poll()
  File "C:\Panda3D-1.9.0\direct\distributed\ConnectionRepository.py", line 613, in readerPollUntilEmpty
    while self.readerPollOnce():
  File "C:\Panda3D-1.9.0\direct\distributed\ConnectionRepository.py", line 620, in readerPollOnce
    self.handleDatagram(self.private__di)
  File "otp\distributed\OTPClientRepository.py", line 1871, in handleDatagram
    self.handleMessageType(msgType, di)
  File "otp\distributed\OTPClientRepository.py", line 1765, in handleMessageType
    self.handleGenerateWithRequiredOtherOwner(di)
  File "toontown\distributed\ToontownClientRepository.py", line 910, in handleGenerateWithRequiredOtherOwner
    self.handleAvatarResponseMsg(doId, di)
  File "toontown\distributed\ToontownClientRepository.py", line 365, in handleAvatarResponseMsg
    self.loginFSM.request('playingGame')
  File "C:\Panda3D-1.9.0\direct\fsm\ClassicFSM.py", line 284, in request
    exitArgList)
  File "C:\Panda3D-1.9.0\direct\fsm\ClassicFSM.py", line 231, in __transition
    self.__enter(aState, enterArgList)
  File "C:\Panda3D-1.9.0\direct\fsm\ClassicFSM.py", line 217, in __enter
    aState.enter(argList)
  File "C:\Panda3D-1.9.0\direct\fsm\State.py", line 203, in enter
    apply(self.__enterFunc, argList)
  File "toontown\distributed\ToontownClientRepository.py", line 464, in enterPlayingGame
    -1])
  File "C:\Panda3D-1.9.0\direct\fsm\ClassicFSM.py", line 284, in request
    exitArgList)
  File "C:\Panda3D-1.9.0\direct\fsm\ClassicFSM.py", line 231, in __transition
    self.__enter(aState, enterArgList)
  File "C:\Panda3D-1.9.0\direct\fsm\ClassicFSM.py", line 217, in __enter
    aState.enter(argList)
  File "C:\Panda3D-1.9.0\direct\fsm\State.py", line 203, in enter
    apply(self.__enterFunc, argList)
  File "toontown\distributed\ToontownClientRepository.py", line 506, in enterWaitOnEnterResponses
    OTPClientRepository.OTPClientRepository.enterWaitOnEnterResponses(self, shardId, hoodId, zoneId, avId)
  File "otp\distributed\OTPClientRepository.py", line 1273, in enterWaitOnEnterResponses
    self.loginFSM.request('noShards')
  File "C:\Panda3D-1.9.0\direct\fsm\ClassicFSM.py", line 284, in request
    exitArgList)
  File "C:\Panda3D-1.9.0\direct\fsm\ClassicFSM.py", line 230, in __transition
    self.__exitCurrent(exitArgList)
  File "C:\Panda3D-1.9.0\direct\fsm\ClassicFSM.py", line 188, in __exitCurrent
    self.__currentState.exit(argList)
  File "C:\Panda3D-1.9.0\direct\fsm\State.py", line 214, in exit
    apply(self.__exitFunc, argList)
  File "toontown\distributed\ToontownClientRepository.py", line 497, in exitPlayingGame
    if self._userLoggingOut:
AttributeError: 'ToontownClientRepository' object has no attribute '_userLoggingOut'
