ToontownStart: Polling for game2 to finish...
ToontownStart: Game2 is finished.
ToontownStart: Starting the game.
ToontownStart: setting default font
TTLocalizer: Running in language: english
from toontown.toonbase.TTLocalizerEnglish import *
OTPLocalizer: Running in language: english
from otp.otpbase.OTPLocalizerEnglish import *
ToontownStart: Loading default gui sounds
ToontownStart: serverVersion:  tt-beta-v.1.0.1 (Squirting Flower)
Preloading avatars...
Done preloading avatars.
{401000001: <toontown.distributed.ToontownDistrict.ToontownDistrict instance at 0x18445148>}
entering active SC menu
local
0
Reading DNA file... phase_3.5/dna/storage_tutorial.dna
Reading DNA file... phase_3.5/dna/storage_interior.dna
Reading DNA file... phase_3.5/dna/tutorial_street.dna
Hello there im a distributedTutorialInteriorAI
Setting up Toontorial dna! :D
Reading DNA file... phase_3.5/dna/tutorial_street.dna
Battle Event localtoon-battle-event-3
OnscreenText.configure: mayChange == 0
OnscreenText.configure: mayChange == 0
OnscreenText.configure: mayChange == 0
OnscreenText.configure: mayChange == 0
OnscreenText.configure: mayChange == 0
OnscreenText.configure: mayChange == 0
OnscreenText.configure: mayChange == 0
OnscreenText.configure: mayChange == 0
frame rate: 126.5 fps|0.002d|1 avs||978|984||0x10de|0x0fc8|418.7MB|421.1MB|6143.3MB|419|nt.2.6.1|2.700,2.700|6,6 cpus|OpenGL
entering active SC menu
Reading DNA file... phase_4/dna/storage.dna
Reading DNA file... phase_3.5/dna/storage_interior.dna
Reading DNA file... phase_4/dna/storage_TT.dna
Reading DNA file... phase_4/dna/storage_TT_sz.dna
Reading DNA file... phase_4/dna/toontown_central_sz.dna
fisherman origin:  render/loader_data/toontownCentral/fishing_pond_1/npc_fisherman_origin_0
fisherman origin:  hidden/loader_data/toontownCentral/fishing_pond_1/npc_fisherman_origin_0
frame rate: 43.4 fps|0.005d|4 avs||1278|1284||0x10de|0x0fc8|449.4MB|451.6MB|6143.3MB|449|nt.2.6.1|2.700,2.700|6,6 cpus|OpenGL
ignoring InputState-forward
