ToontownStart: Polling for game2 to finish...
ToontownStart: Game2 is finished.
ToontownStart: Starting the game.
ToontownStart: setting default font
TTLocalizer: Running in language: english
from toontown.toonbase.TTLocalizerEnglish import *
OTPLocalizer: Running in language: english
from otp.otpbase.OTPLocalizerEnglish import *
ToontownStart: Loading default gui sounds
ToontownStart: serverVersion:  tt-beta-v.1.0.1 (Squirting Flower)
Preloading avatars...
Done preloading avatars.
{401000001: <toontown.distributed.ToontownDistrict.ToontownDistrict instance at 0x18047148>}
{401000001: <toontown.distributed.ToontownDistrict.ToontownDistrict instance at 0x18047148>}
entering active SC menu
local
0
Reading DNA file... phase_4/dna/storage.dna
Reading DNA file... phase_3.5/dna/storage_interior.dna
Reading DNA file... phase_8/dna/storage_DL.dna
Reading DNA file... phase_8/dna/storage_DL_sz.dna
Reading DNA file... phase_8/dna/donalds_dreamland_sz.dna
fisherman origin:  render/loader_data/donaldsDreamland/fishing_pond_1/npc_fisherman_origin_0
OnscreenText.configure: mayChange == 0
OnscreenText.configure: mayChange == 0
OnscreenText.configure: mayChange == 0
OnscreenText.configure: mayChange == 0
fisherman origin:  hidden/loader_data/donaldsDreamland/fishing_pond_1/npc_fisherman_origin_0
Reading DNA file... phase_5/dna/storage_town.dna
Reading DNA file... phase_8/dna/storage_DL_town.dna
Reading DNA file... phase_8/dna/donalds_dreamland_9100.dna
DNALandmarkBuilding sb52:toon_landmark_hqDL_DNARoot did not find **/*suit_building_origin
fisherman origin:  render/town_top_level/donaldsDreamland/9153/fishing_pond_1/npc_fisherman_origin_0
fisherman origin:  render/town_top_level/donaldsDreamland/9153/fishing_pond_1/npc_fisherman_origin_0
frame rate: 38.5 fps|0.031d|4 avs||368|370||0x10de|0x0fc8|472.2MB|475.6MB|6143.3MB|435|nt.2.6.1|2.700,2.700|6,6 cpus|OpenGL
OnscreenText.configure: mayChange == 0
OnscreenText.configure: mayChange == 0
OnscreenText.configure: mayChange == 0
OnscreenText.configure: mayChange == 0
Reading DNA file... phase_6/dna/storage_OZ.dna
Reading DNA file... phase_6/dna/storage_OZ_sz.dna
Reading DNA file... phase_6/dna/outdoor_zone_sz.dna
TIMER startTime 2581
Reading DNA file... phase_6/dna/storage_GZ.dna
Reading DNA file... phase_6/dna/storage_GZ_sz.dna
Reading DNA file... phase_6/dna/golf_zone_sz.dna
frame rate: 56.9 fps|0.009d|0 avs||668|670||0x10de|0x0fc8|514.3MB|517.3MB|6143.3MB|454|nt.2.6.1|2.700,2.700|6,6 cpus|OpenGL
frame rate: 55.5 fps|0.013d|0 avs||968|970||0x10de|0x0fc8|573.5MB|577.0MB|6143.3MB|470|nt.2.6.1|2.700,2.700|6,6 cpus|OpenGL
GOLF COURSE CLEANUP
GOLF COURSE DELETE
OnscreenText.configure: mayChange == 0
OnscreenText.configure: mayChange == 0
OnscreenText.configure: mayChange == 0
OnscreenText.configure: mayChange == 0
Reading DNA file... phase_6/dna/storage_OZ.dna
Reading DNA file... phase_6/dna/storage_OZ_sz.dna
Reading DNA file... phase_6/dna/outdoor_zone_sz.dna
TIMER startTime 2581
frame rate: 45.7 fps|0.012d|2 avs||1268|1270||0x10de|0x0fc8|602.9MB|606.3MB|6143.3MB|481|nt.2.6.1|2.700,2.700|6,6 cpus|OpenGL
Reading DNA file... phase_6/dna/storage_DD.dna
Reading DNA file... phase_6/dna/storage_DD_sz.dna
Reading DNA file... phase_6/dna/donalds_dock_sz.dna
DNALandmarkBuilding sb10:toon_landmark_DD_pet_shop_DNARoot did not find **/*suit_building_origin
fisherman origin:  render/loader_data/donaldsDock/fishing_pond_1/npc_fisherman_origin_0
Reading DNA file... phase_13/dna/storage_party_sz.dna
Reading DNA file... phase_13/dna/party_sz.dna
frame rate: 64.3 fps|0.001d|0 avs||1568|1570||0x10de|0x0fc8|652.1MB|655.5MB|6143.3MB|554|nt.2.6.1|2.700,2.700|6,6 cpus|OpenGL
Reading DNA file... phase_6/dna/storage_DD.dna
Reading DNA file... phase_6/dna/storage_DD_sz.dna
Reading DNA file... phase_6/dna/donalds_dock_sz.dna
DNALandmarkBuilding sb10:toon_landmark_DD_pet_shop_DNARoot did not find **/*suit_building_origin
fisherman origin:  render/loader_data/donaldsDock/fishing_pond_1/npc_fisherman_origin_0
Reading DNA file... phase_5/dna/storage_town.dna
Reading DNA file... phase_6/dna/storage_DD_town.dna
Reading DNA file... phase_6/dna/donalds_dock_1300.dna
DNALandmarkBuilding sb35:toon_landmark_hqDD_DNARoot did not find **/*suit_building_origin
Battle Event localtoon-battle-event-3
frame rate: 34.6 fps|0.022d|3 avs||1868|1870||0x10de|0x0fc8|683.0MB|685.4MB|6143.3MB|621|nt.2.6.1|2.700,2.700|6,6 cpus|OpenGL
Reading DNA file... phase_6/dna/storage_DD_sz.dna
Reading DNA file... phase_6/dna/donalds_dock_sz.dna
DNALandmarkBuilding sb10:toon_landmark_DD_pet_shop_DNARoot did not find **/*suit_building_origin
fisherman origin:  render/loader_data/donaldsDock/fishing_pond_1/npc_fisherman_origin_0
Reading DNA file... phase_5/dna/storage_town.dna
Reading DNA file... phase_6/dna/storage_DD_town.dna
Reading DNA file... phase_6/dna/donalds_dock_1100.dna
DNALandmarkBuilding sb29:toon_landmark_hqDD_DNARoot did not find **/*suit_building_origin
fisherman origin:  render/town_top_level/donaldsDock/1129/fishing_pond_1/npc_fisherman_origin_0
fisherman origin:  render/town_top_level/donaldsDock/1129/fishing_pond_1/npc_fisherman_origin_0
Battle Event localtoon-battle-event-9
Battle Event localtoon-battle-event-14
frame rate: 42.1 fps|0.006d|1 avs||2168|2170||0x10de|0x0fc8|715.1MB|718.0MB|6143.3MB|687|nt.2.6.1|2.700,2.700|6,6 cpus|OpenGL
Battle Event localtoon-battle-event-19
frame rate: 40.8 fps|0.008d|1 avs||2468|2470||0x10de|0x0fc8|719.0MB|721.6MB|6143.3MB|689|nt.2.6.1|2.700,2.700|6,6 cpus|OpenGL
Reading DNA file... phase_6/dna/storage_DD_sz.dna
Reading DNA file... phase_6/dna/donalds_dock_sz.dna
DNALandmarkBuilding sb10:toon_landmark_DD_pet_shop_DNARoot did not find **/*suit_building_origin
fisherman origin:  render/loader_data/donaldsDock/fishing_pond_1/npc_fisherman_origin_0
Reading DNA file... phase_5/dna/storage_town.dna
Reading DNA file... phase_6/dna/storage_DD_town.dna
Reading DNA file... phase_6/dna/donalds_dock_1300.dna
DNALandmarkBuilding sb35:toon_landmark_hqDD_DNARoot did not find **/*suit_building_origin
Battle Event localtoon-battle-event-24
frame rate: 29.6 fps|0.009d|1 avs||2768|2770||0x10de|0x0fc8|780.3MB|782.7MB|6143.3MB|753|nt.2.6.1|2.700,2.700|6,6 cpus|OpenGL
Reading DNA file... phase_6/dna/storage_DD_sz.dna
Reading DNA file... phase_6/dna/donalds_dock_sz.dna
DNALandmarkBuilding sb10:toon_landmark_DD_pet_shop_DNARoot did not find **/*suit_building_origin
fisherman origin:  render/loader_data/donaldsDock/fishing_pond_1/npc_fisherman_origin_0
frame rate: 28.8 fps|0.013d|2 avs||3068|3070||0x10de|0x0fc8|786.0MB|788.4MB|6143.3MB|774|nt.2.6.1|2.700,2.700|6,6 cpus|OpenGL
fisherman origin:  hidden/loader_data/donaldsDock/fishing_pond_1/npc_fisherman_origin_0
OnscreenText.configure: mayChange == 0
OnscreenText.configure: mayChange == 0
OnscreenText.configure: mayChange == 0
OnscreenText.configure: mayChange == 0
Reading DNA file... phase_5.5/dna/storage_estate.dna
Reading DNA file... phase_5.5/dna/estate_1.dna
-----------Starting closet interaction-----------
avid: 100000063, gender: f
current top = 0,27,0,27 and  bot = 7,27,
topsList = []
bottomsList = []
-------------------------------------------------
-----------ending trunk interaction-----------
avid: 100000063, gender: f
current top = 0,27,0,27 and  bot = 7,27,
topsList = []
bottomsList = []
-------------------------------------------------
frame rate: 33.3 fps|0.008d|2 avs||3368|3370||0x10de|0x0fc8|793.0MB|795.2MB|6143.3MB|824|nt.2.6.1|2.700,2.700|6,6 cpus|OpenGL
-----------Starting closet interaction-----------
avid: 100000063, gender: f
current top = 0,27,0,27 and  bot = 7,27,
topsList = []
bottomsList = []
-------------------------------------------------
-----------ending trunk interaction-----------
avid: 100000063, gender: f
current top = 0,27,0,27 and  bot = 7,27,
topsList = []
bottomsList = []
-------------------------------------------------
-----------Starting closet interaction-----------
avid: 100000063, gender: f
current top = 0,27,0,27 and  bot = 7,27,
topsList = []
bottomsList = []
-------------------------------------------------
-----------ending trunk interaction-----------
avid: 100000063, gender: f
current top = 0,27,0,27 and  bot = 7,27,
topsList = []
bottomsList = []
-------------------------------------------------
entering active SC menu
entering active SC menu
entering active SC menu
chatButtonPressed
frame rate: 29.8 fps|0.003d|3 avs||3668|3670||0x10de|0x0fc8|796.6MB|798.6MB|6143.3MB|826|nt.2.6.1|2.700,2.700|6,6 cpus|OpenGL
OnscreenText.configure: mayChange == 0
OnscreenText.configure: mayChange == 0
OnscreenText.configure: mayChange == 0
OnscreenText.configure: mayChange == 0
Reading DNA file... phase_6/dna/storage_OZ.dna
Reading DNA file... phase_6/dna/storage_OZ_sz.dna
Reading DNA file... phase_6/dna/outdoor_zone_sz.dna
TIMER startTime 2581
Traceback (most recent call last):
  File "toontown\safezone\OZSafeZoneLoader.py", line 128, in doGeyser
    self.setGeyserAnim()
  File "toontown\safezone\OZSafeZoneLoader.py", line 159, in setGeyserAnim
    distance = self.geyserPlacer.getDistance(av)
AssertionError: _error_type == ET_ok && other._error_type == ET_ok at line 941 of panda/src/pgraph/nodePath.cxx
Traceback (most recent call last):
  File "otp\otpbase\OTPBase.py", line 239, in run
    taskMgr.run()
  File "C:\Panda3D-1.9.0\direct\task\Task.py", line 502, in run
    self.step()
  File "C:\Panda3D-1.9.0\direct\task\Task.py", line 460, in step
    self.mgr.poll()
  File "toontown\safezone\OZSafeZoneLoader.py", line 128, in doGeyser
    self.setGeyserAnim()
  File "toontown\safezone\OZSafeZoneLoader.py", line 159, in setGeyserAnim
    distance = self.geyserPlacer.getDistance(av)
AssertionError: _error_type == ET_ok && other._error_type == ET_ok at line 941 of panda/src/pgraph/nodePath.cxx
