ToontownStart: Polling for game2 to finish...
ToontownStart: Game2 is finished.
ToontownStart: Starting the game.
ToontownStart: setting default font
TTLocalizer: Running in language: english
from toontown.toonbase.TTLocalizerEnglish import *
OTPLocalizer: Running in language: english
from otp.otpbase.OTPLocalizerEnglish import *
ToontownStart: Loading default gui sounds
ToontownStart: serverVersion:  tt-beta-v.1.0.1 (Squirting Flower)
Preloading avatars...
Done preloading avatars.
{401000001: <toontown.distributed.ToontownDistrict.ToontownDistrict instance at 0x1783F148>}
entering active SC menu
local
1
Reading DNA file... phase_4/dna/storage.dna
Reading DNA file... phase_3.5/dna/storage_interior.dna
Reading DNA file... phase_6/dna/storage_DD.dna
Reading DNA file... phase_6/dna/storage_DD_sz.dna
Reading DNA file... phase_6/dna/donalds_dock_sz.dna
DNALandmarkBuilding sb10:toon_landmark_DD_pet_shop_DNARoot did not find **/*suit_building_origin
fisherman origin:  render/loader_data/donaldsDock/fishing_pond_1/npc_fisherman_origin_0
chatButtonPressed
OnscreenText.configure: mayChange == 0
OnscreenText.configure: mayChange == 0
OnscreenText.configure: mayChange == 0
OnscreenText.configure: mayChange == 0
Reading DNA file... phase_8/dna/storage_DG.dna
Reading DNA file... phase_8/dna/storage_DG_sz.dna
Reading DNA file... phase_8/dna/daisys_garden_sz.dna
fisherman origin:  render/loader_data/daisysGarden/fishing_pond_1/npc_fisherman_origin_0
OnscreenText.configure: mayChange == 0
OnscreenText.configure: mayChange == 0
OnscreenText.configure: mayChange == 0
OnscreenText.configure: mayChange == 0
Reading DNA file... phase_6/dna/storage_MM.dna
loading MM safezone
Reading DNA file... phase_6/dna/storage_MM_sz.dna
Reading DNA file... phase_6/dna/minnies_melody_land_sz.dna
fisherman origin:  render/loader_data/minniesMelodyLand/fishing_pond_1/npc_fisherman_origin_0
OnscreenText.configure: mayChange == 0
OnscreenText.configure: mayChange == 0
OnscreenText.configure: mayChange == 0
OnscreenText.configure: mayChange == 0
chatButtonPressed
frame rate: 43.6 fps|0.004d|4 avs||420|438||0x10de|0x0fc8|448.1MB|451.1MB|6143.3MB|432|nt.2.6.1|2.700,2.700|6,6 cpus|OpenGL
fisherman origin:  hidden/loader_data/minniesMelodyLand/fishing_pond_1/npc_fisherman_origin_0
OnscreenText.configure: mayChange == 0
OnscreenText.configure: mayChange == 0
OnscreenText.configure: mayChange == 0
OnscreenText.configure: mayChange == 0
Reading DNA file... phase_6/dna/storage_GS.dna
Reading DNA file... phase_6/dna/storage_GS_sz.dna
Reading DNA file... phase_6/dna/goofy_speedway_sz.dna
0.40000000596
Reading DNA file... phase_4/dna/storage_TT.dna
Reading DNA file... phase_4/dna/storage_TT_sz.dna
Reading DNA file... phase_4/dna/toontown_central_sz.dna
fisherman origin:  render/loader_data/toontownCentral/fishing_pond_1/npc_fisherman_origin_0
frame rate: 39.2 fps|0.047d|4 avs||720|738||0x10de|0x0fc8|504.0MB|506.3MB|6143.3MB|508|nt.2.6.1|2.700,2.700|6,6 cpus|OpenGL
Traceback (most recent call last):
  File "C:\Panda3D-1.9.0\direct\distributed\ConnectionRepository.py", line 613, in readerPollUntilEmpty
    while self.readerPollOnce():
  File "C:\Panda3D-1.9.0\direct\distributed\ConnectionRepository.py", line 620, in readerPollOnce
    self.handleDatagram(self.private__di)
  File "otp\distributed\OTPClientRepository.py", line 1873, in handleDatagram
    self.handler(msgType, di)
  File "otp\distributed\OTPClientRepository.py", line 1484, in handlePlayGame
    self.handleUpdateField(di)
  File "otp\distributed\OTPClientRepository.py", line 2191, in handleUpdateField
    self.__doUpdate(doId, di, ovUpdated)
  File "otp\distributed\OTPClientRepository.py", line 2199, in __doUpdate
    do.dclass.receiveUpdate(do, di)
  File "toontown\toon\DistributedToon.py", line 1025, in setQuests
    messenger.send('questsChanged')
  File "C:\Panda3D-1.9.0\direct\showbase\Messenger.py", line 397, in send
    self.__dispatch(acceptorDict, event, sentArgs, foundWatch)
  File "C:\Panda3D-1.9.0\direct\showbase\Messenger.py", line 482, in __dispatch
    method (*(extraArgs + sentArgs))
  File "toontown\shtiker\QuestPage.py", line 111, in updatePage
    self.fillQuestFrame(newQuestDesc, index)
  File "toontown\shtiker\QuestPage.py", line 83, in fillQuestFrame
    self.questFrames[index].update(questDesc)
  File "toontown\quest\QuestPoster.py", line 309, in update
    toNpcHoodId = ZoneUtil.getCanonicalHoodId(toNpcZone)
  File "toontown\hood\ZoneUtil.py", line 182, in getCanonicalHoodId
    return getHoodId(getCanonicalZoneId(zoneId))
  File "toontown\hood\ZoneUtil.py", line 170, in getHoodId
    hoodId = zoneId - zoneId % 1000
TypeError: unsupported operand type(s) for %: 'NoneType' and 'int'
Traceback (most recent call last):
  File "otp\otpbase\OTPBase.py", line 239, in run
    taskMgr.run()
  File "C:\Panda3D-1.9.0\direct\task\Task.py", line 502, in run
    self.step()
  File "C:\Panda3D-1.9.0\direct\task\Task.py", line 460, in step
    self.mgr.poll()
  File "C:\Panda3D-1.9.0\direct\distributed\ConnectionRepository.py", line 613, in readerPollUntilEmpty
    while self.readerPollOnce():
  File "C:\Panda3D-1.9.0\direct\distributed\ConnectionRepository.py", line 620, in readerPollOnce
    self.handleDatagram(self.private__di)
  File "otp\distributed\OTPClientRepository.py", line 1873, in handleDatagram
    self.handler(msgType, di)
  File "otp\distributed\OTPClientRepository.py", line 1484, in handlePlayGame
    self.handleUpdateField(di)
  File "otp\distributed\OTPClientRepository.py", line 2191, in handleUpdateField
    self.__doUpdate(doId, di, ovUpdated)
  File "otp\distributed\OTPClientRepository.py", line 2199, in __doUpdate
    do.dclass.receiveUpdate(do, di)
  File "toontown\toon\DistributedToon.py", line 1025, in setQuests
    messenger.send('questsChanged')
  File "C:\Panda3D-1.9.0\direct\showbase\Messenger.py", line 397, in send
    self.__dispatch(acceptorDict, event, sentArgs, foundWatch)
  File "C:\Panda3D-1.9.0\direct\showbase\Messenger.py", line 482, in __dispatch
    method (*(extraArgs + sentArgs))
  File "toontown\shtiker\QuestPage.py", line 111, in updatePage
    self.fillQuestFrame(newQuestDesc, index)
  File "toontown\shtiker\QuestPage.py", line 83, in fillQuestFrame
    self.questFrames[index].update(questDesc)
  File "toontown\quest\QuestPoster.py", line 309, in update
    toNpcHoodId = ZoneUtil.getCanonicalHoodId(toNpcZone)
  File "toontown\hood\ZoneUtil.py", line 182, in getCanonicalHoodId
    return getHoodId(getCanonicalZoneId(zoneId))
  File "toontown\hood\ZoneUtil.py", line 170, in getHoodId
    hoodId = zoneId - zoneId % 1000
TypeError: unsupported operand type(s) for %: 'NoneType' and 'int'
