ToontownStart: Polling for game2 to finish...
ToontownStart: Game2 is finished.
ToontownStart: Starting the game.
ToontownStart: setting default font
TTLocalizer: Running in language: english
from toontown.toonbase.TTLocalizerEnglish import *
OTPLocalizer: Running in language: english
from otp.otpbase.OTPLocalizerEnglish import *
ToontownStart: Loading default gui sounds
ToontownStart: serverVersion:  tt-beta-v.1.0.1 (Squirting Flower)
Preloading avatars...
Done preloading avatars.
{401000001: <toontown.distributed.ToontownDistrict.ToontownDistrict instance at 0x18547148>}
{401000001: <toontown.distributed.ToontownDistrict.ToontownDistrict instance at 0x18547148>}
entering active SC menu
local
0
Reading DNA file... phase_4/dna/storage.dna
Reading DNA file... phase_3.5/dna/storage_interior.dna
OnscreenText.configure: mayChange == 0
OnscreenText.configure: mayChange == 0
OnscreenText.configure: mayChange == 0
OnscreenText.configure: mayChange == 0
Reading DNA file... phase_4/dna/storage_TT.dna
Reading DNA file... phase_4/dna/storage_TT_sz.dna
Reading DNA file... phase_4/dna/toontown_central_sz.dna
fisherman origin:  render/loader_data/toontownCentral/fishing_pond_1/npc_fisherman_origin_0
entering active SC menu
OnscreenText.configure: mayChange == 0
OnscreenText.configure: mayChange == 0
OnscreenText.configure: mayChange == 0
OnscreenText.configure: mayChange == 0
Reading DNA file... phase_6/dna/storage_DD.dna
Reading DNA file... phase_6/dna/storage_DD_sz.dna
Reading DNA file... phase_6/dna/donalds_dock_sz.dna
DNALandmarkBuilding sb10:toon_landmark_DD_pet_shop_DNARoot did not find **/*suit_building_origin
fisherman origin:  render/loader_data/donaldsDock/fishing_pond_1/npc_fisherman_origin_0
frame rate: 52.5 fps|0.003d|4 avs||371|372||0x10de|0x0fc8|443.1MB|446.5MB|6143.3MB|432|nt.2.6.1|2.700,2.700|6,6 cpus|OpenGL
OnscreenText.configure: mayChange == 0
OnscreenText.configure: mayChange == 0
OnscreenText.configure: mayChange == 0
OnscreenText.configure: mayChange == 0
ignoring InputState-forward
